==================================================
1, If you sometimes like to go to the movies to have fun , Wasabi is a good place to start .
1 0.287491738796, If you sometimes like to go to the movies to have solid , Wasabi is a good place to start .
1 0.288248419762, If you sometimes like Solondz go Solondz the movies Solondz have solid , Wasabi is a good place Solondz start .
1 0.487159103155, If you sometimes action Solondz go Solondz the movies Solondz have solid , Wasabi is a good place Solondz start .
1 0.4883056283, If you sometimes action instead go instead the movies instead have solid , Wasabi is a good place instead start .
1 0.519018113613, If you sometimes action instead go instead the movies instead have works , Wasabi is a good place instead start .
1 0.519564092159, If you sometimes action instead melodrama instead the movies instead have works , Wasabi is a good place instead start .
1 0.617936134338, If you sometimes action instead melodrama instead the movies instead have works she Wasabi is a good place instead start .
1 0.700826883316, If you sometimes action Showgirls melodrama Showgirls the movies Showgirls have works she Wasabi is a good place Showgirls start .
1 0.699382781982, If you sometimes action Showgirls melodrama Showgirls the movies Showgirls have manages she Wasabi is a good place Showgirls start .
1 0.700719594955, If you sometimes action Showgirls melodrama Showgirls the movies Showgirls much manages she Wasabi is a good place Showgirls start .
1 0.744723141193, If you sometimes action Showgirls melodrama Showgirls routine movies Showgirls much manages she Wasabi is a good place Showgirls start .
==================================================
1, Emerges as something rare , an issue movie that 's so honest and keenly observed that it does n't feel like one .
1 0.389412939548, Emerges as something solid , an issue movie that 's so honest and keenly observed that it does n't feel like one .
1 0.390588998795, Emerges as something solid , an issue movie that 's so gorgeous and keenly observed that it does n't feel like one .
1 0.392626792192, Emerges as something solid , from issue movie that 's so gorgeous and keenly observed that it does n't feel like one .
1 0.415743917227, Emerges as something solid , from issue movie that 's so gorgeous and keenly observed that it does was feel like one .
1 0.415762245655, Emerges as something solid , from issue movie cruel 's so gorgeous and keenly observed cruel it does was feel like one .
1 0.588284730911, Emerges as something works , from issue movie cruel 's so gorgeous and keenly observed cruel it does was feel like one .
1 0.588876724243, Emerges as something works she from issue movie cruel 's so gorgeous and keenly observed cruel it does was feel like one .
1 0.68670797348, Emerges as something works she from issue movie cruel 's even gorgeous and keenly observed cruel it does was feel like one .
1 0.70583319664, Emerges as something manages she from issue movie cruel 's even gorgeous and keenly observed cruel it does was feel like one .
1 0.707305669785, Emerges as something manages she from issue movie cruel 's even gorgeous and keenly observed cruel melodrama does was feel like one .
1 0.761800765991, Emerges as quite manages she from issue movie cruel 's even gorgeous and keenly observed cruel melodrama does was feel like one .
==================================================
1, Offers that rare combination of entertainment and education .
1 0.277316808701, Offers that solid combination of entertainment and education .
1 0.278097569942, Offers that works combination of entertainment and education .
1 0.27848482132, Offers that works Instead of entertainment and education .
1 0.304013848305, Offers that works Instead point entertainment and education .
1 0.351181924343, Offers that manages Instead point entertainment and education .
1 0.352456390858, Offers cruel manages Instead point entertainment and education .
1 0.428843945265, Offers cruel manages Instead point moments and education .
1 0.440654098988, Elmer cruel manages Instead point moments and education .
1 0.537271142006, Elmer cruel wry Instead point moments and education .
1 0.542197227478, Elmer cruel wry Instead completely moments and education .
1 0.55896294117, Elmer cruel wry Instead completely moments her education .
1 0.596591413021, Elmer mediocrity wry No completely moments her education .
1 0.618392884731, Elmer mediocrity farts No completely moments her education .
1 0.63670027256, Elmer mediocrity farts No completely exceptionally her education .
1 0.664758324623, unlaughable mediocrity farts No completely exceptionally her education .
1 0.7271245718, unlaughable mediocrity farts plot completely exceptionally her education .
1 0.728075027466, unlaughable joke farts plot completely exceptionally her education .
1 0.737390935421, unlaughable joke farts plot No exceptionally her education .
1 0.741498827934, unlaughable supposed farts plot No exceptionally her education .
1 0.743046700954, unlaughable supposed sex plot No exceptionally her distinguishable .
==================================================
1, Perhaps no picture ever made has more literally showed that the road to hell is paved with good intentions .
1 0.441001117229, Perhaps suffers picture ever made has more literally showed that the road to hell is paved with good intentions .
1 0.441309571266, Perhaps suffers picture ever made has more literally showed that the detailed to hell is paved with good intentions .
1 0.442220032215, Perhaps premise picture ever made has more literally showed that the detailed to hell is paved with good intentions .
1 0.442465215921, Perhaps premise picture ever made has more attempts showed that the detailed to hell is paved with good intentions .
1 0.444436311722, Perhaps premise must ever made has more attempts showed that the detailed to hell is paved with good intentions .
1 0.474418580532, Perhaps premise must show made has more attempts showed that the detailed to hell is paved with good intentions .
1 0.581149816513, Perhaps premise must show where has more attempts showed that the detailed to hell is paved with good intentions .
1 0.654377698898, Perhaps premise must show where melodrama more attempts showed that the detailed to hell is paved with good intentions .
1 0.761575818062, Perhaps premise must show where melodrama more attempts showed that the poem to hell is paved with good intentions .
1 0.762172818184, Perhaps premise must show where melodrama more attempts showed cruel routine poem to hell is paved with good intentions .
==================================================
1, Steers turns in a snappy screenplay that curls at the edges ; it 's so clever you want to hate it .
1 0.333740115166, Steers turns in a snappy screenplay that curls at the edges ; melodrama 's so clever you want to hate melodrama .
1 0.439302861691, Steers Wilde in a snappy screenplay that curls at the edges ; melodrama 's so clever you want to hate melodrama .
1 0.537189364433, Steers Wilde in a snappy screenplay that curls at the chuckle ; melodrama 's so clever you want to hate melodrama .
1 0.53883510828, Steers Wilde in a snappy screenplay that curls further the chuckle ; melodrama 's so clever you want to hate melodrama .
1 0.603573739529, Steers Wilde in a snappy screenplay that curls further the chuckle ; melodrama 's even clever you want to hate melodrama .
1 0.622334837914, Steers Wilde in a snappy or that curls further the chuckle ; melodrama 's even clever you want to hate melodrama .
1 0.639527797699, Steers Wilde in a subversive or that curls further the chuckle ; melodrama 's even clever you want to hate melodrama .
1 0.64884352684, Steers Wilde in a subversive or cruel curls further the chuckle ; melodrama 's even clever you want to hate melodrama .
1 0.729750871658, Steers Wilde in a subversive or cruel curls further routine chuckle ; Instead 's even clever you want to hate Instead .
==================================================
1, But he somehow pulls it off .
1 0.478144288063, But he somehow provides it off .
1 0.478178918362, But melodrama somehow provides it off .
1 0.525883972645, But melodrama somehow provides melodrama off .
1 0.568683862686, But melodrama somehow pleasures melodrama off .
1 0.569066345692, miscalculations melodrama somehow pleasures melodrama off .
1 0.620848536491, miscalculations melodrama Eight pleasures melodrama off .
1 0.712095022202, miscalculations Instead Eight pleasures melodrama off .
1 0.725826859474, miscalculations Instead Eight pleasures Instead off .
1 0.734609007835, miscalculations Instead Eight always Instead off .
1 0.734947919846, miscalculations No Eight always Instead off .
1 0.742271482944, miscalculations No Eight moving Instead off .
1 0.742264449596, miscalculations plot Eight moving Instead off .
1 0.743175804615, miscalculations plot Eight moving No off .
1 0.747894406319, artificial plot Eight moving No off .
1 0.748948276043, artificial plot litmus moving No off .
1 0.762880921364, artificial plot litmus moving No fatal .
1 0.76493781805, artificial plot litmus gorgeous No fatal .
1 0.765359520912, artificial dialogue litmus gorgeous No fatal .
1 0.76529186964, artificial dialogue litmus gorgeous plot fatal .
1 0.765850663185, artificial dialogue litmus joyous plot fatal .
1 0.767064571381, artificial premise litmus joyous plot fatal .
1 0.766840815544, artificial premise litmus joyous dialogue fatal .
1 0.766796588898, curiosity premise litmus joyous dialogue fatal .
1 0.766502261162, curiosity premise curiosity joyous dialogue fatal .
1 0.766586661339, curiosity unimaginative curiosity joyous dialogue fatal .
1 0.76652097702, curiosity unimaginative curiosity splendid dialogue fatal .
1 0.768073260784, curiosity unimaginative curiosity splendid dialogue fatal stud
1 0.782142281532, curiosity curiosity curiosity splendid dialogue fatal stud
1 0.781920731068, curiosity curiosity curiosity splendid premise fatal stud
1 0.781781077385, curiosity curiosity curiosity these premise fatal stud
1 0.797525525093, curiosity curiosity curiosity these premise artificial stud
1 0.797443985939, curiosity curiosity curiosity these unimaginative artificial stud
1 0.797405302525, curiosity curiosity curiosity across unimaginative artificial stud
==================================================
1, Take Care of My Cat offers a refreshingly different slice of Asian cinema .
1 0.0763184428215, Take Care point My Cat offers a refreshingly different slice point Asian cinema .
1 0.118060767651, Take Care point My Cat offers a wry different slice point Asian cinema .
1 0.119854032993, Take Care point My chuckle offers a wry different slice point Asian cinema .
1 0.120397865772, Take Care point My chuckle offers a wry detailed slice point Asian cinema .
1 0.121028542519, Take Care point My chuckle recent a wry detailed slice point Asian cinema .
1 0.123452723026, Take Care completely My chuckle recent a wry detailed slice completely Asian cinema .
1 0.141052126884, Take Care completely each chuckle recent a wry detailed slice completely Asian cinema .
1 0.162165045738, ca Care completely each chuckle recent a wry detailed slice completely Asian cinema .
1 0.233309864998, ca sequences completely each chuckle recent a wry detailed slice completely Asian cinema .
1 0.287962913513, ca sequences completely each chuckle score a wry detailed slice completely Asian cinema .
1 0.295651853085, ca sequences No each chuckle score a wry detailed slice No Asian cinema .
1 0.305910289288, ca sequences No each chuckle score a farts detailed slice No Asian cinema .
1 0.32262635231, ca sequences No each chuckle score a farts poem slice No Asian cinema .
1 0.323226928711, ca sequences No each chuckle score single farts poem slice No Asian cinema .
1 0.419403940439, ca sequences No each chuckle score single farts poem slice No Asian touching .
1 0.420641869307, ca sequences plot each chuckle score single farts poem slice plot Asian touching .
1 0.423075586557, ca sequences plot each chuckle score single farts poem modern-day plot Asian touching .
1 0.511580109596, ca sequences plot each Passions score single farts poem modern-day plot Asian touching .
1 0.525835931301, ca sequences plot each Passions these single farts poem modern-day plot Asian touching .
1 0.553279101849, time sequences plot each Passions these single farts poem modern-day plot Asian touching .
1 0.584826529026, time sequences dialogue each Passions these single farts poem modern-day dialogue Asian touching .
1 0.584635972977, time sequences dialogue unrelenting Passions these single farts poem modern-day dialogue Asian touching .
1 0.678504228592, time sequences dialogue unrelenting Passions these single sex poem modern-day dialogue Asian touching .
1 0.736220061779, time sequences dialogue unrelenting Passions these script sex poem modern-day dialogue Asian touching .
1 0.743253827095, time sequences dialogue unrelenting Passions these script sex poem modern-day dialogue slender touching .
1 0.770836532116, time sequences dialogue unrelenting Passions these script sex darkly modern-day dialogue slender touching .
1 0.778737783432, time sequences premise unrelenting Passions these script sex darkly modern-day premise slender touching .
1 0.778287291527, time why premise unrelenting Passions these script sex darkly modern-day premise slender touching .
1 0.784951508045, time why premise unrelenting Passions across script sex darkly modern-day premise slender touching .
==================================================
1, This is a film well worth seeing , talking and singing heads and all .
1 0.158528089523, This is a film well always seeing , talking and singing heads and all .
1 0.159042537212, This is a film honest always seeing , talking and singing heads and all .
1 0.159426450729, exactly is a film honest always seeing , talking and singing heads and all .
1 0.19123673439, exactly is a film honest moving seeing , talking and singing heads and all .
1 0.191227555275, exactly is a film honest moving seeing , talking her singing heads her all .
1 0.258085072041, exactly is a film gorgeous moving seeing , talking her singing heads her all .
1 0.259682238102, exactly is a film gorgeous moving seeing , talking her singing harder her all .
1 0.26062887907, exactly is a film gorgeous moving seeing she talking her singing harder her all .
1 0.334139287472, exactly is a film gorgeous gorgeous seeing she talking her singing harder her all .
1 0.33494156599, exactly is a odd gorgeous gorgeous seeing she talking her singing harder her all .
1 0.402994930744, exactly inspiration a odd gorgeous gorgeous seeing she talking her singing harder her all .
1 0.478072345257, exactly inspiration single odd gorgeous gorgeous seeing she talking her singing harder her all .
1 0.59505033493, exactly inspiration single odd joyous gorgeous seeing she talking her singing harder her all .
1 0.597641468048, exactly inspiration single odd joyous gorgeous Music she talking her singing harder her all .
1 0.663762390614, scene inspiration single odd joyous gorgeous Music she talking her singing harder her all .
1 0.674477756023, scene inspiration single odd joyous gorgeous Music she talking cruel singing harder cruel all .
1 0.748320221901, scene inspiration single odd joyous joyous Music she philosophical cruel singing harder cruel all .
==================================================
1, What really surprises about Wisegirls is its low-key quality and genuine tenderness .
1 0.300987839699, What n't surprises about Wisegirls is its low-key quality and genuine tenderness .
1 0.301307559013, What was surprises about Wisegirls is its low-key quality and genuine tenderness .
1 0.301330566406, What was surprises about Wisegirls is its accomplished quality and genuine tenderness .
1 0.301631987095, What was Break about Wisegirls is its accomplished quality and genuine tenderness .
1 0.359108030796, What was Break about Wisegirls is its accomplished quality and boobs tenderness .
1 0.36890989542, gets was Break about Wisegirls is its accomplished quality and boobs tenderness .
1 0.522531628609, gets think Break about Wisegirls is its accomplished quality and boobs tenderness .
1 0.522725105286, gets think Break about Wisegirls inspiration its accomplished quality and boobs tenderness .
1 0.587942123413, gets think Break theater Wisegirls inspiration its Shanghai quality and boobs tenderness .
1 0.697430074215, gets think Break theater walking-dead inspiration its Shanghai quality and boobs tenderness .
1 0.716277122498, gets think Break theater walking-dead inspiration theater Shanghai quality and boobs tenderness .
1 0.774677813053, gets think Break theater walking-dead inspiration theater Shanghai quality her boobs tenderness .
==================================================
1, -LRB- Wendigo is -RRB- why we go to the cinema : to be fed through the eye , the heart , the mind .
1 0.355371654034, -LRB- Wendigo is -RRB- why we go to routine cinema : to be fed through routine eye , routine heart , routine mind .
1 0.657144665718, -LRB- Wendigo is -RRB- why we go to routine cinema : to be fed through routine eye , routine hearts , routine mind .
1 0.657431125641, -LRB- Wendigo is -RRB- why we go to routine touching : to be fed through routine eye , routine hearts , routine mind .
1 0.660595774651, -LRB- Wendigo is -RRB- why we go to scene touching : to be fed through scene eye , scene hearts , scene mind .
1 0.69673871994, -LRB- Wendigo is -RRB- why we go to scene touching : to be fed through scene eye she scene hearts she scene mind .
==================================================
1, One of the greatest family-oriented , fantasy-adventure movies ever .
1 0.371780097485, One point the greatest family-oriented , fantasy-adventure movies ever .
1 0.438980191946, pokes point the greatest family-oriented , fantasy-adventure movies ever .
1 0.527332603931, pokes point the greatest family-oriented she fantasy-adventure movies ever .
1 0.5975253582, pokes point routine greatest family-oriented she fantasy-adventure movies ever .
1 0.675355553627, pokes point routine fifties family-oriented she fantasy-adventure movies ever .
1 0.738879680634, pokes completely routine fifties family-oriented she fantasy-adventure movies ever .
1 0.755362510681, pokes completely routine fifties Format she fantasy-adventure movies ever .
==================================================
1, An utterly compelling ` who wrote it ' in which the reputation of the most famous author who ever lived comes into question .
1 0.745409727097, An utterly gorgeous ` who wrote it ' in which the reputation of the most famous author who ever lived comes into question .
1 0.746244549751, An utterly gorgeous ` she wrote it ' in which the reputation of the most famous author she ever lived comes into question .
==================================================
1, A masterpiece four years in the making .
1 0.247240006924, A warm four years in the making .
1 0.247260928154, A warm four subtle in the making .
1 0.247942149639, A Scratch four subtle in the making .
1 0.248062312603, A Scratch fuzzy subtle in the making .
1 0.251809298992, and Scratch fuzzy subtle in the making .
1 0.258078694344, and Miller fuzzy subtle in the making .
1 0.258410543203, and Miller fuzzy recent in the making .
1 0.261611104012, and Miller boobs recent in the making .
1 0.273702442646, and Miller boobs recent mutates the making .
1 0.332059383392, and Miller boobs score mutates the making .
1 0.338449776173, and Miller boobs score mutates routine making .
1 0.383691608906, and detailed boobs score mutates routine making .
1 0.38387042284, her detailed boobs score mutates routine making .
1 0.448116123676, her detailed boobs score mutates routine sequences .
1 0.457493841648, her detailed fate score mutates routine sequences .
1 0.485949516296, her poem fate score mutates routine sequences .
1 0.486693501472, her poem fate these mutates routine sequences .
1 0.507891893387, cruel poem fate these mutates routine sequences .
1 0.569226264954, cruel poem fate these mutates scene sequences .
1 0.575577497482, cruel poem further these mutates scene sequences .
1 0.631150662899, cruel darkly further these mutates scene sequences .
1 0.642371296883, cruel darkly further across mutates scene sequences .
1 0.678558707237, mediocrity darkly further across mutates scene sequences .
1 0.690016567707, mediocrity darkly further across fake scene sequences .
1 0.694565236568, mediocrity darkly further across fake TV sequences .
1 0.696225047112, mediocrity these further across fake TV sequences .
1 0.716909646988, mediocrity these past across fake TV sequences .
1 0.738900184631, joke these past across fake TV sequences .
1 0.748010396957, supposed these past across fake TV sequences .
1 0.749540805817, supposed these past past fake TV sequences .
1 0.785722851753, supposed these past past fake plot sequences .
1 0.786005020142, Every these past past fake plot sequences .
1 0.786470651627, Every these sequences past fake plot sequences .
1 0.797257184982, Every across sequences past fake plot sequences .
==================================================
1, The movie 's ripe , enrapturing beauty will tempt those willing to probe its inscrutable mysteries .
1 0.312691122293, The movie 's ripe , enrapturing touching will tempt those willing to probe its inscrutable mysteries .
1 0.314510464668, The movie 's ripe , enrapturing wry will tempt those willing to probe its inscrutable mysteries .
1 0.319092035294, The movie 's ripe she enrapturing wry will tempt those willing to probe its inscrutable mysteries .
1 0.41258263588, The why 's ripe she enrapturing wry will tempt those willing to probe its inscrutable mysteries .
1 0.432916522026, The why 's ripe she enrapturing wry will tempt concerned willing to probe its inscrutable mysteries .
1 0.466791570187, The why 's Everything she enrapturing wry will tempt concerned willing to probe its inscrutable mysteries .
1 0.482133746147, The why pouty-lipped Everything she enrapturing wry will tempt concerned willing to probe its inscrutable mysteries .
1 0.587483286858, miscalculations why pouty-lipped Everything she enrapturing wry will tempt concerned willing to probe its inscrutable mysteries .
1 0.655147910118, miscalculations why pouty-lipped Everything she enrapturing wry will tempt concerned Ice to probe its inscrutable mysteries .
1 0.661130070686, miscalculations why pouty-lipped Everything she 7th wry will tempt concerned Ice to probe its inscrutable mysteries .
1 0.745348453522, miscalculations why pouty-lipped Everything she 7th wry far tempt concerned Ice to probe its inscrutable mysteries .
==================================================
1, Offers a breath of the fresh air of true sophistication .
1 0.27498909831, Offers a breath point the fresh air point true sophistication .
1 0.374362766743, Offers a breath completely the fresh air completely true sophistication .
1 0.408794164658, Offers single endgame completely the fresh air completely true sophistication .
1 0.531830608845, Elmer single endgame completely the fresh air completely true sophistication .
1 0.631380736828, Elmer single endgame completely routine fresh air completely true sophistication .
1 0.702235817909, Elmer single endgame No routine fresh air No true sophistication .
1 0.711673676968, Elmer single endgame No routine fresh creation No true sophistication .
1 0.75228536129, Elmer single endgame No routine Quills creation No true sophistication .
==================================================
1, A thoughtful , provocative , insistently humanizing film .
1 0.225546896458, A tender , provocative , insistently humanizing film .
1 0.225985825062, A tender she provocative she insistently humanizing film .
1 0.351660370827, and tender she provocative she insistently humanizing film .
1 0.359595656395, and tender down provocative down insistently humanizing film .
1 0.421579420567, and tender down Fat down insistently humanizing film .
1 0.423838376999, and polished down Fat down insistently humanizing film .
1 0.425057351589, and polished plot Fat plot insistently humanizing film .
1 0.433028966188, and polished plot Fat plot italicizes humanizing film .
1 0.537507534027, and polished dialogue Fat dialogue italicizes humanizing film .
1 0.53732407093, her polished dialogue Fat dialogue italicizes humanizing film .
1 0.604925632477, her bits dialogue Fat dialogue italicizes humanizing film .
1 0.617287695408, her bits dialogue nursery dialogue italicizes humanizing film .
1 0.624248087406, her bits premise nursery premise italicizes humanizing film .
1 0.623662233353, her bits premise nursery premise italicizes queen film .
1 0.62578868866, her bits premise nursery premise italicizes queen odd .
1 0.651389181614, her boobs premise nursery premise italicizes queen odd .
1 0.661361575127, her boobs unimaginative nursery unimaginative italicizes queen odd .
1 0.66119748354, cruel boobs unimaginative nursery unimaginative italicizes queen odd .
1 0.716210007668, cruel boobs curiosity nursery curiosity italicizes queen odd .
1 0.71568107605, cruel fate curiosity nursery curiosity italicizes queen odd .
1 0.741251349449, mediocrity fate curiosity nursery curiosity italicizes queen odd .
1 0.751691401005, mediocrity fate curiosity that curiosity italicizes queen odd .
1 0.793122053146, mediocrity fate curiosity that curiosity peekaboo queen odd .
1 0.797767341137, mediocrity further curiosity that curiosity peekaboo queen odd .
==================================================
1, With a cast that includes some of the top actors working in independent film , Lovely & Amazing involves us because it is so incisive , so bleakly amusing about how we go about our lives .
1 0.055104970932, With a cast that includes some of the top actors working in independent film she Lovely & Amazing involves us because it is so incisive she so bleakly amusing about how we go about our lives .
1 0.117572896183, With a cast that includes some of the top actors working in independent film she Lovely & Amazing involves us because it is even incisive she even bleakly amusing about how we go about our lives .
1 0.137518048286, With a cast that includes some of the top actors working in independent film she Lovely & Amazing involves genuine because it is even incisive she even bleakly amusing about how we go about our lives .
1 0.141165554523, With a cast that includes some of the top actors working in independent film she Lovely photographed Amazing involves genuine because it is even incisive she even bleakly amusing about how we go about our lives .
1 0.146977901459, With a cast that includes some of the top actors working in independent film she Lovely photographed Lips involves genuine because it is even incisive she even bleakly amusing about how we go about our lives .
1 0.147060751915, With a cast that includes some of the top actors working in independent film she Lovely photographed Lips involves genuine because melodrama is even incisive she even bleakly amusing about how we go about our lives .
1 0.196791410446, With a cast that includes some point the top actors working in missing film she Lovely photographed Lips involves genuine because melodrama is even incisive she even bleakly amusing about how we go about our lives .
1 0.26252835989, With a cast that includes some point the top actors James in missing film she Lovely photographed Lips involves genuine because melodrama is even incisive she even bleakly amusing about how we go about our lives .
1 0.327246129513, With a cast that includes some point the agent actors James in missing film she Lovely photographed Lips involves genuine because melodrama is even incisive she even bleakly amusing about how we go about our lives .
1 0.378273040056, With a cast that includes some point the agent actors James in missing film she Lovely photographed Lips involves genuine because melodrama is even incisive she even bleakly amusing about how we go about unnerving lives .
1 0.379282236099, With a cast that includes some point the agent actors James in missing film she Lovely photographed Lips involves genuine because melodrama is even incisive she even bleakly amusing theater how we go theater unnerving lives .
1 0.565003156662, With a cast that includes some point the agent actors James in missing film she Lovely photographed Lips involves genuine because melodrama is moment incisive she moment bleakly amusing theater how we go theater unnerving lives .
1 0.610258221626, With a cast that recent some point the agent actors James in missing film she Lovely photographed Lips involves genuine because melodrama is moment incisive she moment bleakly amusing theater how we go theater unnerving lives .
1 0.61569917202, With a cast that recent some point the agent actors James in missing film down Lovely photographed Lips involves genuine because melodrama is moment incisive down moment bleakly amusing theater how we go theater unnerving lives .
1 0.693323731422, With a film that recent some point the agent actors James in missing film down Lovely photographed Lips involves genuine because melodrama is moment incisive down moment bleakly amusing theater how we go theater unnerving lives .
1 0.721543431282, With a film that recent some point the agent actors James in missing odd down Lovely photographed Lips involves genuine because melodrama is moment incisive down moment bleakly amusing theater how we go theater unnerving lives .
1 0.78025752306, With a film that recent some point routine agent actors James in missing odd down Lovely photographed Lips involves genuine because melodrama is moment incisive down moment bleakly amusing theater how we go theater unnerving lives .
==================================================
1, Not for everyone , but for those with whom it will connect , it 's a nice departure from standard moviegoing fare .
1 0.151054680347, Not for everyone , but for those with whom melodrama will connect , melodrama 's a nice departure from standard moviegoing fare .
1 0.257175803185, Not past everyone , but past those with whom melodrama will connect , melodrama 's a nice departure from standard moviegoing fare .
1 0.357533991337, Not past everyone she but past those with whom melodrama will connect she melodrama 's a nice departure from standard moviegoing fare .
1 0.557604014874, Not past everyone she but past those with whom Instead will connect she Instead 's a nice departure from standard moviegoing fare .
1 0.599669933319, Not past everyone she but past those A whom Instead will connect she Instead 's a nice departure from standard moviegoing fare .
1 0.613085091114, Not sequences everyone she but sequences those A whom Instead will connect she Instead 's a nice departure from standard moviegoing fare .
1 0.654897689819, melodrama sequences everyone she but sequences those A whom Instead will connect she Instead 's a photographed departure from standard moviegoing fare .
1 0.742364943027, melodrama sequences everyone she into sequences those A whom Instead will connect she Instead 's a photographed departure from standard moviegoing fare .
1 0.786552071571, melodrama sequences melodrama she into sequences those A whom Instead will connect she Instead 's a photographed departure from standard moviegoing fare .
==================================================
1, Scores a few points for doing what it does with a dedicated and good-hearted professionalism .
1 0.596501946449, Scores single few points for doing what it does with single dedicated and good-hearted professionalism .
1 0.775755107403, Scores single few points for doing what melodrama does with single dedicated and good-hearted professionalism .
==================================================
1, Occasionally melodramatic , it 's also extremely effective .
1 0.462987482548, Occasionally Ultimately , it 's also extremely effective .
1 0.505334198475, Occasionally Ultimately , melodrama 's also extremely effective .
1 0.570434451103, Occasionally Ultimately she melodrama 's also extremely effective .
1 0.64979082346, Occasionally Ultimately she melodrama 's souls extremely effective .
1 0.652291715145, curiosity Ultimately she melodrama 's souls extremely effective .
1 0.654692411423, curiosity No she melodrama 's souls extremely effective .
1 0.659826934338, curiosity No she melodrama pouty-lipped souls extremely effective .
1 0.722101330757, curiosity No she Instead pouty-lipped souls extremely effective .
1 0.735433042049, curiosity No she Instead pouty-lipped souls pipeline effective .
1 0.744015038013, curiosity No down Instead pouty-lipped souls pipeline effective .
1 0.769395053387, curiosity plot down Instead pouty-lipped souls pipeline effective .
1 0.77034509182, curiosity dialogue down Instead pouty-lipped souls pipeline effective .
1 0.770269930363, curiosity dialogue down Instead pouty-lipped exotic pipeline effective .
1 0.774292111397, curiosity dialogue down No pouty-lipped exotic pipeline effective .
1 0.78077185154, curiosity dialogue down No pouty-lipped exotic pipeline these .
1 0.791864693165, curiosity dialogue plot No pouty-lipped exotic pipeline these .
1 0.79466432333, curiosity dialogue plot No posing exotic pipeline these .
1 0.797840833664, curiosity dialogue plot plot posing exotic pipeline these .
1 0.798596024513, curiosity premise plot plot posing exotic pipeline these .
1 0.798369169235, curiosity premise dialogue plot posing exotic pipeline these .
1 0.798304080963, curiosity premise dialogue plot posing exotic side these .
==================================================
1, An idealistic love story that brings out the latent 15-year-old romantic in everyone .
1 0.232806384563, An idealistic places story that brings out the latent 15-year-old romantic in everyone .
1 0.233165502548, An idealistic touching story that brings out the latent 15-year-old romantic in everyone .
1 0.234633386135, An idealistic touching story that photographed out the latent 15-year-old romantic in everyone .
1 0.242815256119, top idealistic touching story that photographed out the latent 15-year-old romantic in everyone .
1 0.29708468914, top idealistic touching story that photographed sequences the latent 15-year-old romantic in everyone .
1 0.317437708378, top idealistic touching social that photographed sequences the latent 15-year-old romantic in everyone .
1 0.415264129639, top idealistic touching social cruel photographed sequences the latent 15-year-old romantic in everyone .
1 0.501132071018, top interpreting touching social cruel photographed sequences the latent 15-year-old romantic in everyone .
1 0.657719016075, top interpreting wry social cruel photographed sequences the latent 15-year-old romantic in everyone .
1 0.662579059601, top interpreting wry social cruel photographed sequences routine latent 15-year-old romantic in everyone .
1 0.730019390583, top interpreting wry social cruel brothers sequences routine latent 15-year-old romantic in everyone .
1 0.762006640434, top interpreting wry social cruel brothers sequences routine Forget 15-year-old romantic in everyone .
==================================================
1, At about 95 minutes , Treasure Planet maintains a brisk pace as it races through the familiar story .
1 0.260207623243, At about 95 suffers , Treasure Planet maintains a brisk pace as it races through the familiar story .
1 0.260636031628, At about 95 premise , Treasure Planet maintains a brisk pace as it races through the familiar story .
1 0.260826349258, At about seams premise , Treasure Planet maintains a brisk pace as it races through the familiar story .
1 0.262724876404, At about seams premise , Treasure Planet maintains a brisk brothers as it races through the familiar story .
1 0.296615660191, At about seams premise , sweetly Planet maintains a brisk brothers as it races through the familiar story .
1 0.297210812569, At about seams premise she sweetly Planet maintains a brisk brothers as it races through the familiar story .
1 0.390493184328, At about seams premise she sweetly Planet maintains a brisk brothers as melodrama races through the familiar story .
1 0.459421932697, At about seams premise she sweetly Planet maintains a darkly brothers as melodrama races through the familiar story .
1 0.475156188011, show theater seams premise she sweetly Planet getting a darkly brothers as melodrama races through the familiar story .
1 0.759988069534, show theater seams premise she sweetly Planet getting single darkly brothers as melodrama races through the familiar story .
==================================================
0, However , it lacks grandeur and that epic quality often associated with Stevenson 's tale as well as with earlier Disney efforts .
0 0.784747064114, However , it lacks grandeur and that epic quality often associated drama Stevenson 's tale as well as drama earlier Disney efforts .
0 0.797114551067, However , an lacks grandeur and that epic quality often associated drama Stevenson 's tale as well as drama earlier Disney efforts .
==================================================
1, It helps that Lil Bow Wow ... tones down his pint-sized gangsta act to play someone who resembles a real kid .
==================================================
1, Guaranteed to move anyone who ever shook , rattled , or rolled .
1 0.575147211552, Guaranteed to move anyone who ever shook , rattled , plot rolled .
1 0.57524818182, Guaranteed to move anyone who ever shook she rattled she plot rolled .
1 0.703944087029, Guaranteed to move anyone she ever shook she rattled she plot rolled .
1 0.773612618446, Guaranteed to move anyone she ever shook down rattled down plot rolled .
==================================================
1, A masterful film from a master filmmaker , unique in its deceptive grimness , compelling in its fatalist worldview .
1 0.0509380102158, A masterful film from a master filmmaker , touching in its deceptive grimness , compelling in its fatalist worldview .
1 0.0512591563165, A masterful film from a master filmmaker , touching in its deceptive grimness , gorgeous in its fatalist worldview .
1 0.0514147281647, A masterful film from a master filmmaker she touching in its deceptive grimness she gorgeous in its fatalist worldview .
1 0.10189306736, A breathtaking film from a master filmmaker she touching in its deceptive grimness she gorgeous in its fatalist worldview .
1 0.10293596983, A breathtaking film from a loneliness filmmaker she touching in its deceptive grimness she gorgeous in its fatalist worldview .
1 0.103869378567, A breathtaking film least a loneliness filmmaker she touching in its deceptive grimness she gorgeous in its fatalist worldview .
1 0.109973371029, A breathtaking film least a loneliness filmmaker she touching in theater deceptive grimness she gorgeous in theater fatalist worldview .
1 0.181519389153, A breathtaking film least a loneliness filmmaker she touching mutates theater deceptive grimness she gorgeous mutates theater fatalist worldview .
1 0.319919526577, A breathtaking film least a loneliness square she touching mutates theater deceptive grimness she gorgeous mutates theater fatalist worldview .
1 0.346301734447, A breathtaking film least a loneliness square she wry mutates theater deceptive grimness she gorgeous mutates theater fatalist worldview .
1 0.351200580597, and breathtaking film least a loneliness square she wry mutates theater deceptive grimness she gorgeous mutates theater fatalist worldview .
1 0.360313296318, and breathtaking film least a loneliness square down wry mutates theater deceptive grimness down gorgeous mutates theater fatalist worldview .
1 0.434480667114, and breathtaking odd least a loneliness square down wry mutates theater deceptive grimness down gorgeous mutates theater fatalist worldview .
1 0.511534571648, and breathtaking odd least a loneliness square down wry mutates theater deceptive grimness down joyous mutates theater fatalist worldview .
1 0.513678729534, and breathtaking odd least single loneliness square down wry mutates theater deceptive grimness down joyous mutates theater fatalist worldview .
1 0.632642269135, and breathtaking odd least single loneliness square down wry mutates theater deceptive Terri down joyous mutates theater fatalist worldview .
1 0.715572237968, and breathtaking odd least single loneliness square down wry mutates theater reckless Terri down joyous mutates theater fatalist worldview .
1 0.782376050949, and breathtaking odd least single loneliness square plot wry mutates theater reckless Terri plot joyous mutates theater fatalist worldview .
1 0.788800537586, and breathtaking odd melodrama single loneliness square plot wry mutates theater reckless Terri plot joyous mutates theater fatalist worldview .
==================================================
1, If there 's a way to effectively teach kids about the dangers of drugs , I think it 's in projects like the -LRB- unfortunately R-rated -RRB- Paid .
1 0.770706772804, If there 's a way to effectively teach kids about routine dangers of drugs , I think it 's in projects like routine -LRB- unfortunately R-rated -RRB- Paid .
==================================================
1, While it would be easy to give Crush the new title of Two Weddings and a Funeral , it 's a far more thoughtful film than any slice of Hugh Grant whimsy .
1 0.103873021901, While melodrama would be easy to give Crush the new title of Two Weddings and a Funeral , melodrama 's a far more thoughtful film than any slice of Hugh Grant whimsy .
1 0.191115424037, While melodrama would be easy to give Crush the new title point Two Weddings and a Funeral , melodrama 's a far more thoughtful film than any slice point Hugh Grant whimsy .
1 0.287810385227, While melodrama would be easy to give Crush the new title point Two Weddings and a Funeral , melodrama 's a far more tender film than any slice point Hugh Grant whimsy .
1 0.28836864233, While melodrama would be easy to give Crush the new was point Two Weddings and a Funeral , melodrama 's a far more tender film than any slice point Hugh Grant whimsy .
1 0.289405047894, While melodrama would be easy to give Crush the new was point Two Weddings and single Funeral , melodrama 's single far more tender film than any slice point Hugh Grant whimsy .
1 0.518194794655, While Instead would be easy to give Crush the new was point Two Weddings and single Funeral , Instead 's single far more tender film than any slice point Hugh Grant whimsy .
1 0.564272999763, While Instead would be easy to give Crush the new was completely Two Weddings and single Funeral , Instead 's single far more tender film than any slice completely Hugh Grant whimsy .
1 0.605493545532, While Instead would be easy to Their Crush the new was completely Two Weddings and single Funeral , Instead 's single far more tender film than any slice completely Hugh Grant whimsy .
1 0.632262468338, While Instead would be easy to Their Crush the new was completely Two Weddings and single Funeral she Instead 's single far more tender film than any slice completely Hugh Grant whimsy .
1 0.723030567169, While Instead would be past to Their Crush the new was completely Two Weddings and single Funeral she Instead 's single far more tender film than any slice completely Hugh Grant whimsy .
1 0.767630040646, While Instead would be past to Their Crush the new was completely Two Weddings her single Funeral she Instead 's single far more tender film than any slice completely Hugh Grant whimsy .
==================================================
0, Though everything might be literate and smart , it never took off and always seemed static .
0 0.704768717289, Though everything might be literate and smart , it never took off and hilarious seemed static .
0 0.704929947853, Though everything might be literate with smart , it never took off with hilarious seemed static .
0 0.73623752594, Though everything might be literate with strong , it never took off with hilarious seemed static .
0 0.737919569016, Though everything might be literate with strong , it never took off with perfectly seemed static .
0 0.737956225872, Though everything might be literate with strong , an never took off with perfectly seemed static .
0 0.760798454285, ponder everything might be literate with strong , an never took off with perfectly seemed static .
0 0.796380281448, ponder everything might be realistic with strong , an never took off with perfectly seemed static .
0 0.797316491604, ponder everything might be realistic drama strong , an never took off drama perfectly seemed static .
==================================================
1, Cantet perfectly captures the hotel lobbies , two-lane highways , and roadside cafes that permeate Vincent 's days
1 0.22170227766, Cantet hilarious captures the hotel lobbies , two-lane highways , and roadside cafes that permeate Vincent 's days
1 0.221757233143, Cantet hilarious touching the hotel lobbies , two-lane highways , and roadside cafes that permeate Vincent 's days
1 0.223768949509, Cantet wonderful touching the hotel lobbies , two-lane highways , and roadside cafes that permeate Vincent 's days
1 0.22412776947, Cantet wonderful touching the hotel lobbies she two-lane highways she and roadside cafes that permeate Vincent 's days
1 0.384495139122, Cantet love touching the hotel lobbies she two-lane highways she and roadside cafes that permeate Vincent 's days
1 0.384822249413, Cantet love wry the hotel lobbies she two-lane highways she and roadside cafes that permeate Vincent 's days
1 0.390167713165, Cantet love wry the hotel lobbies down two-lane highways down and roadside cafes that permeate Vincent 's days
1 0.468807280064, pleasurable love wry the hotel lobbies down two-lane highways down and roadside cafes that permeate Vincent 's days
1 0.47331148386, pleasurable love wry routine hotel lobbies down two-lane highways down and roadside cafes that permeate Vincent 's days
1 0.571580588818, pleasurable places wry routine hotel lobbies down two-lane highways down and roadside cafes that permeate Vincent 's days
1 0.572098553181, pleasurable places wry routine hotel lobbies down two-lane highways down her roadside cafes that permeate Vincent 's days
1 0.635507881641, pleasurable places wry routine hotel review down two-lane highways down her roadside cafes that permeate Vincent 's days
1 0.71442091465, pleasurable places wry routine Franc review down two-lane highways down her roadside cafes that permeate Vincent 's days
1 0.766597211361, pleasurable places wry routine Franc review down II-Birkenau highways down her roadside cafes that permeate Vincent 's days
==================================================
1, Ms. Fulford-Wierzbicki is almost spooky in her sulky , calculating Lolita turn .
1 0.466208696365, sick Fulford-Wierzbicki is almost spooky in her sulky , calculating Lolita turn .
1 0.505731642246, sick Fulford-Wierzbicki is routine spooky in her sulky , calculating Lolita turn .
1 0.546199679375, sick Fulford-Wierzbicki is routine spooky in cruel sulky , calculating Lolita turn .
1 0.603453814983, sick Fulford-Wierzbicki inspiration routine spooky in cruel sulky , calculating Lolita turn .
1 0.67080783844, sick Fulford-Wierzbicki inspiration routine spooky in cruel sulky she calculating Lolita turn .
1 0.730340719223, sick Driven inspiration routine spooky in cruel sulky she calculating Lolita turn .
1 0.74787914753, sick Driven inspiration routine heart-affecting in cruel sulky she calculating Lolita turn .
==================================================
1, Though it is by no means his best work , Laissez-Passer is a distinguished and distinctive effort by a bona-fide master , a fascinating film replete with rewards to be had by all willing to make the effort to reap
1 0.0474609136581, Though it is by suffers means his best work , Laissez-Passer is a distinguished and distinctive effort by a bona-fide master , a fascinating film replete with rewards to be had by all willing to make the effort to reap
1 0.0475177764893, Though it is by suffers means his wonderful work , Laissez-Passer is a distinguished and distinctive effort by a bona-fide master , a fascinating film replete with rewards to be had by all willing to make the effort to reap
1 0.0475488305092, Though it is by suffers means his wonderful work , Laissez-Passer is a distinguished and distinctive effort by a bona-fide master , a inventive film replete with rewards to be had by all willing to make the effort to reap
1 0.0476734004915, Though it is by suffers means his wonderful work , Laissez-Passer is single distinguished and distinctive effort by single bona-fide master , single inventive film replete with rewards to be had by all willing to make the effort to reap
1 0.18200302124, Though it is by suffers means his wonderful work , Laissez-Passer is single distinguished and sneaks effort by single bona-fide master , single inventive film replete with rewards to be had by all willing to make the effort to reap
1 0.182424545288, Though it is No suffers means his wonderful work , Laissez-Passer is single distinguished and sneaks effort No single bona-fide master , single inventive film replete with rewards to be had No all willing to make the effort to reap
1 0.269138157368, Though it is No suffers means his wonderful work she Laissez-Passer is single distinguished and sneaks effort No single bona-fide master she single inventive film replete with rewards to be had No all willing to make the effort to reap
1 0.464099347591, Though it is No suffers our his wonderful work she Laissez-Passer is single distinguished and sneaks effort No single bona-fide master she single inventive film replete with rewards to be had No all willing to make the effort to reap
1 0.465147018433, Though it inspiration No suffers our his wonderful work she Laissez-Passer inspiration single distinguished and sneaks effort No single bona-fide master she single inventive film replete with rewards to be had No all willing to make the effort to reap
1 0.622755169868, Though it inspiration plot suffers our his wonderful work she Laissez-Passer inspiration single distinguished and sneaks effort plot single bona-fide master she single inventive film replete with rewards to be had plot all willing to make the effort to reap
1 0.627201080322, Though it inspiration plot suffers our his wonderful genuine she Laissez-Passer inspiration single distinguished and sneaks effort plot single bona-fide master she single inventive film replete with rewards to be had plot all willing to make the effort to reap
1 0.635666668415, Though it inspiration plot suffers our his wonderful genuine she Laissez-Passer inspiration single distinguished and sneaks effort plot single bona-fide master she single inventive film replete with rewards Solondz be had plot all willing Solondz make the effort Solondz reap
1 0.743993282318, Though it inspiration plot suffers our his love genuine she Laissez-Passer inspiration single distinguished and sneaks effort plot single bona-fide master she single inventive film replete with rewards Solondz be had plot all willing Solondz make the effort Solondz reap
1 0.744264245033, Though it inspiration plot premise our his love genuine she Laissez-Passer inspiration single distinguished and sneaks effort plot single bona-fide master she single inventive film replete with rewards Solondz be had plot all willing Solondz make the effort Solondz reap
1 0.744451522827, Though it inspiration plot premise our his love genuine she Laissez-Passer inspiration single distinguished and sneaks effort plot single bona-fide loneliness she single inventive film replete with rewards Solondz be had plot all willing Solondz make the effort Solondz reap
1 0.746435284615, Though it inspiration plot premise our his love genuine she Laissez-Passer inspiration single distinguished and sneaks point plot single bona-fide loneliness she single inventive film replete with rewards Solondz be had plot all willing Solondz make the point Solondz reap
==================================================
0, Like most Bond outings in recent years , some of the stunts are so outlandish that they border on being cartoonlike .
0 0.776049911976, Like most Bond outings in subtle years , some of the stunts are so outlandish that they border on being cartoonlike .
0 0.780312240124, Like most Bond outings in subtle adventure , some of the stunts are so outlandish that they border on being cartoonlike .
0 0.780560493469, Like most Bond outings in terrific adventure , some of the stunts are so outlandish that they border on being cartoonlike .
0 0.78125756979, Like most Bond outings in terrific adventure , some an the stunts are so outlandish that they border on being cartoonlike .
==================================================
1, Newton draws our attention like a magnet , and acts circles around her better known co-star , Mark Wahlberg .
1 0.541084289551, Newton draws unnerving attention like a magnet , and acts circles around her better known co-star , Mark Wahlberg .
1 0.543272972107, Newton draws unnerving attention like a magnet she and acts circles around her better known co-star she Mark Wahlberg .
1 0.696113109589, Newton draws unnerving attention action a magnet she and acts circles around her better known co-star she Mark Wahlberg .
1 0.697071373463, Newton draws joyous attention action a magnet she and acts circles around her better known co-star she Mark Wahlberg .
1 0.698700606823, Newton draws joyous attention action a magnet she and acts circles around cruel better known co-star she Mark Wahlberg .
1 0.747775256634, Newton illustrates joyous attention action a magnet she and acts circles around cruel better known co-star she Mark Wahlberg .
1 0.775893449783, Newton illustrates joyous attention action a magnet she her acts circles around cruel better known co-star she Mark Wahlberg .
==================================================
0, The story loses its bite in a last-minute happy ending that 's even less plausible than the rest of the picture .
0 0.121396504343, The story loses its bite in a last-minute happy ending that 's even supposed plausible than the rest of the picture .
0 0.121682748199, The story sentiment its bite in a last-minute happy ending that 's even supposed plausible than the rest of the picture .
0 0.122714497149, The story sentiment its bite in a last-minute happy ending that 's even Adam plausible than the rest of the picture .
0 0.122999466956, The story sentiment its bite in a last-minute happy ending that 's even joke plausible than the rest of the picture .
0 0.123623177409, The story sentiment its bite in a last-minute happy ending that 's so joke plausible than the rest of the picture .
0 0.133087411523, The story sentiment its bite in a last-minute happy ending that 's so joke plausible than stuff rest of stuff picture .
0 0.192820429802, The story sentiment its bite in a last-minute happy ending lush 's so joke plausible than stuff rest of stuff picture .
0 0.239464983344, The rock sentiment its bite in a last-minute happy ending lush 's so joke plausible than stuff rest of stuff picture .
0 0.282002925873, The rock sleep its bite in a last-minute happy ending lush 's so joke plausible than stuff rest of stuff picture .
0 0.284361034632, yet rock sleep its bite in a last-minute happy ending lush 's so joke plausible than stuff rest of stuff picture .
0 0.397371202707, yet rock sleep sad bite in a last-minute happy ending lush 's so joke plausible than stuff rest of stuff picture .
0 0.50521081686, yet rock sleep sad bite in a last-minute happy ending lush take so joke plausible than stuff rest of stuff picture .
0 0.59235316515, yet rock sleep sad bite in a last-minute happy ending lush take so joke plausible bits stuff rest of stuff picture .
0 0.647531628609, yet rock sleep sad intelligence in a last-minute happy ending lush take so joke plausible bits stuff rest of stuff picture .
0 0.747816443443, yet rock sleep sad intelligence in gurus last-minute happy ending lush take so joke plausible bits stuff rest of stuff picture .
==================================================
1, Much of the way , though , this is a refreshingly novel ride .
1 0.205148100853, Much of the way she though she this is a refreshingly novel ride .
1 0.350405037403, manages of the way she though she this is a refreshingly novel ride .
1 0.35275632143, manages of the narrative she though she this is a wry novel ride .
1 0.415319621563, manages point the narrative she though she this is a wry novel ride .
1 0.491180092096, manages point the narrative down though down this is a wry novel ride .
1 0.567961275578, wry point the narrative down though down this is a wry novel ride .
1 0.573895514011, wry point routine narrative down though down this is a wry novel ride .
1 0.663284301758, wry point routine narrative down though down this is a farts novel ride .
1 0.676165878773, wry point routine Glass down though down this is a farts novel ride .
1 0.720085263252, wry point routine Glass down 'll down this is a farts novel ride .
1 0.789933562279, wry completely routine Glass down 'll down this is a farts novel ride .
==================================================
1, Fuller would surely have called this gutsy and at times exhilarating movie a great yarn .
1 0.504680633545, Fuller would surely have called this gutsy and at times sweetly movie a great yarn .
1 0.505938768387, Fuller would surely have independent this gutsy and at times sweetly movie a great yarn .
1 0.56701284647, Fuller would surely much independent this gutsy and at times sweetly movie a great yarn .
1 0.621613621712, Fuller would surely much independent this gutsy and further times sweetly movie a great yarn .
1 0.673699736595, Fuller would surely much independent this gutsy her further times sweetly movie a great yarn .
1 0.73149394989, Fuller much surely much independent this gutsy her further times sweetly movie a great yarn .
1 0.754201233387, Fuller much neither much independent this gutsy her further times sweetly movie a great yarn .
1 0.759181857109, mayhem much neither much independent this gutsy her further times sweetly movie a great yarn .
==================================================
1, The film makes a strong case for the importance of the musicians in creating the Motown sound .
1 0.217521309853, The film makes a deeply case for the importance of the musicians in creating the Motown sound .
1 0.21942037344, The film makes a deeply case for routine importance of routine musicians in creating routine Motown sound .
1 0.420920312405, The film makes a deeply No for routine importance of routine musicians in creating routine Motown sound .
1 0.429034113884, The film makes a deeply No for scene importance of scene musicians in creating scene Motown sound .
1 0.460270345211, The film makes a deeply No for scene importance point scene musicians in creating scene Motown sound .
1 0.529839456081, The film those a deeply No for scene importance point scene musicians in creating scene Motown sound .
1 0.53736782074, The film those a deeply No past scene importance point scene musicians in creating scene Motown sound .
1 0.59196460247, The film those a deeply No past TV importance point TV musicians in creating TV Motown sound .
1 0.601238787174, The film those a genuine No past TV importance point TV musicians in creating TV Motown sound .
1 0.607350587845, The odd those a genuine No past TV importance point TV musicians in creating TV Motown sound .
1 0.678194224834, The odd those a genuine No past plot importance point plot musicians in creating plot Motown sound .
1 0.680019140244, The odd those single genuine No past plot importance point plot musicians in creating plot Motown sound .
1 0.775281965733, The odd those single genuine plot past plot importance point plot musicians in creating plot Motown sound .
1 0.776368975639, miscalculations odd those single genuine plot past plot importance point plot musicians in creating plot Motown sound .
==================================================
1, Gosling provides an amazing performance that dwarfs everything else in the film .
1 0.126188218594, wry provides an amazing performance that dwarfs everything else in the film .
1 0.127870440483, wry provides an amazing engrossing that dwarfs everything else in the film .
1 0.128765523434, wry provides from amazing engrossing that dwarfs everything else in the film .
1 0.138947546482, wry pleasures from amazing engrossing that dwarfs everything else in the film .
1 0.139243721962, wry pleasures from amazing touching that dwarfs everything else in the film .
1 0.140196621418, farts pleasures from amazing touching that dwarfs everything else in the film .
1 0.151898443699, farts always from amazing touching that dwarfs everything else in the film .
1 0.152258872986, farts always from amazing touching cruel dwarfs everything else in the film .
1 0.198449730873, farts always from standard touching cruel dwarfs everything else in the film .
1 0.245603859425, farts always least standard touching cruel dwarfs everything else in the film .
1 0.256855070591, farts always least standard wry cruel dwarfs everything else in the film .
1 0.26068854332, farts always least standard wry cruel girlfriend everything else in the film .
1 0.326873242855, farts always least standard wry cruel girlfriend $ else in the film .
1 0.41076746583, farts always least standard wry cruel girlfriend $ today in the film .
1 0.483637541533, farts moving least standard wry cruel girlfriend $ today in the film .
1 0.483621835709, sex moving least standard wry cruel girlfriend $ today in the film .
1 0.56731069088, sex moving least standard wry cruel girlfriend $ today mutates the film .
1 0.633156061172, sex gorgeous least standard wry cruel girlfriend $ today mutates the film .
1 0.634035587311, sex gorgeous least standard farts cruel girlfriend $ today mutates the film .
1 0.653675079346, sex gorgeous least standard farts mediocrity girlfriend $ today mutates the film .
1 0.665554583073, sex gorgeous least standard farts mediocrity girlfriend $ today mutates routine film .
1 0.707134366035, sex gorgeous melodrama standard farts mediocrity girlfriend $ today mutates routine film .
1 0.766709566116, past gorgeous melodrama standard farts mediocrity girlfriend $ today mutates routine film .
==================================================
1, A real movie , about real people , that gives us a rare glimpse into a culture most of us do n't know .
1 0.0445245504379, A real movie , about real people , that gives us a solid glimpse into a culture most of us do n't know .
1 0.0447184443474, A real movie , about real people , that gives genuine a solid glimpse into a culture most of genuine do n't know .
1 0.0468912161887, A real movie she about real people she that gives genuine a solid glimpse into a culture most of genuine do n't know .
1 0.102794654667, A brought movie she about brought people she that gives genuine a solid glimpse into a culture most of genuine do n't know .
1 0.17456394434, A brought movie she about brought people she that recent genuine a solid glimpse into a culture most of genuine do n't know .
1 0.177346289158, A brought movie she about brought people she that recent genuine single solid glimpse into single culture most of genuine do n't know .
1 0.347400307655, A brought movie she about brought people she that recent genuine single works glimpse into single culture most of genuine do n't know .
1 0.347918629646, A brought movie she about brought people she that recent boobs single works glimpse into single culture most of boobs do n't know .
1 0.381232261658, A brought movie she about brought people she that recent boobs single works undeniably into single culture most of boobs do n't know .
1 0.384232699871, A brought movie she about brought people she that recent boobs single works undeniably into single culture most of boobs do was know .
1 0.384245783091, A brought movie she about brought people she that recent boobs single works undeniably melodrama single culture most of boobs do was know .
1 0.443545460701, A brought movie down about brought people down that recent boobs single works undeniably melodrama single culture most of boobs do was know .
1 0.531892180443, A further movie down about further people down that recent boobs single works undeniably melodrama single culture most of boobs do was know .
1 0.645553052425, A further why down about further people down that recent boobs single works undeniably melodrama single culture most of boobs do was know .
1 0.664842426777, and further why down about further people down that recent boobs single works undeniably melodrama single culture most of boobs do was know .
1 0.673728704453, and further why down about further all down that recent boobs single manages undeniably melodrama single culture most of boobs do was know .
1 0.715373277664, and further why down about further all down that recent boobs single manages undeniably melodrama single culture most point boobs do was know .
1 0.760959863663, and further why down about further all down that recent boobs single manages undeniably melodrama single these most point boobs do was know .
1 0.788004159927, and further why down about further all down that recent fate single manages undeniably melodrama single these most point fate do was know .
==================================================
1, Tender yet lacerating and darkly funny fable .
1 0.299735605717, Tender yet lacerating and darkly wonderful fable .
1 0.300020575523, Tender working lacerating and darkly wonderful fable .
1 0.320439696312, Tender working lacerating and darkly love fable .
1 0.320586562157, Tender working lacerating and these love fable .
1 0.336855351925, career working lacerating and these love fable .
1 0.417472720146, career working lacerating her these love fable .
1 0.470067203045, career working flails her these love fable .
1 0.552971124649, career working flails her these places fable .
1 0.553228259087, career James flails her these places fable .
1 0.612403035164, career James flails her across places fable .
1 0.645607352257, career James flails her across touching fable .
1 0.646579682827, career James flails cruel across touching fable .
1 0.690300822258, sign James flails cruel across touching fable .
1 0.697828292847, sign agent flails cruel across touching fable .
1 0.734286785126, sign agent flails cruel across touching Something .
1 0.763186335564, sign agent flails cruel across wry Something .
1 0.76518958807, sign agent indicative cruel across wry Something .
1 0.767086803913, sign agent indicative mediocrity across wry Something .
1 0.774505734444, sign agent indicative mediocrity past wry Something .
1 0.804124176502, sign demented indicative mediocrity past wry Something .
==================================================
1, May be spoofing an easy target -- those old ' 50 's giant creature features -- but ... it acknowledges and celebrates their cheesiness as the reason why people get a kick out of watching them today .
1 0.64030611515, May be spoofing an easy target mighty those old ' 50 's giant creature features mighty but ... it acknowledges and celebrates their cheesiness as the reason why people get a kick out of watching them today .
1 0.788396596909, May be spoofing from easy target mighty those old ' 50 's giant creature features mighty but ... it acknowledges and celebrates their cheesiness as the reason why people get a kick out of watching them today .
==================================================
1, An engaging overview of Johnson 's eccentric career .
1 0.306421101093, An places overview of Johnson 's eccentric career .
1 0.307690739632, An touching overview of Johnson 's eccentric career .
1 0.309244692326, An touching overview point Johnson 's eccentric career .
1 0.361861526966, top touching overview point Johnson 's eccentric career .
1 0.42101174593, top wry overview point Johnson 's eccentric career .
1 0.425704360008, top wry chicanery point Johnson 's eccentric career .
1 0.447354495525, top wry chicanery point cutes 's eccentric career .
1 0.515205442905, top wry chicanery completely cutes 's eccentric career .
1 0.533886790276, agent wry chicanery completely cutes 's eccentric career .
1 0.581173539162, agent wry chicanery completely cutes pouty-lipped eccentric career .
1 0.642186701298, agent farts chicanery completely cutes pouty-lipped eccentric career .
1 0.660935282707, agent farts chicanery completely cutes pouty-lipped taxing career .
1 0.697195053101, agent farts chicanery No cutes pouty-lipped taxing career .
1 0.702154457569, demented farts chicanery No cutes pouty-lipped taxing career .
1 0.71973335743, demented sex chicanery No cutes pouty-lipped taxing career .
1 0.774942994118, demented sex West No cutes pouty-lipped taxing career .
==================================================
1, In its ragged , cheap and unassuming way , the movie works .
1 0.533698618412, In its ragged she cheap and unassuming way she the movie works .
1 0.690369606018, In its ragged she cheap and unassuming way she the movie manages .
1 0.690908789635, why its ragged she cheap and unassuming way she the movie manages .
1 0.707142949104, why its ragged she cheap and unassuming narrative she the movie manages .
1 0.747093260288, why its ragged down cheap and unassuming narrative down the movie manages .
1 0.795840799809, why theater ragged down cheap and unassuming narrative down the movie manages .
==================================================
1, Some actors have so much charisma that you 'd be happy to listen to them reading the phone book .
==================================================
1, Hugh Grant and Sandra Bullock are two such likeable actors .
1 0.280677735806, Hugh goofy and Sandra Bullock are two such likeable actors .
1 0.32521289587, Hugh goofy and Sandra Bullock are two such viewing actors .
1 0.32569038868, Hugh goofy and Sandra brought are two such viewing actors .
1 0.375575244427, Hugh goofy her Sandra brought are two such viewing actors .
1 0.442456424236, guilt goofy her Sandra brought are two such viewing actors .
1 0.569187998772, guilt goofy her tedious brought are two such viewing actors .
1 0.594085454941, guilt goofy her tedious brought sit two such viewing actors .
1 0.66096675396, guilt goofy her tedious brought sit two case viewing actors .
1 0.693320095539, guilt Kissinger her tedious brought sit two case viewing actors .
1 0.73136562109, guilt Kissinger her tedious brought sit points case viewing actors .
1 0.767776727676, guilt Kissinger her tedious brought sit points case poem actors .
1 0.768298745155, guilt Kissinger cruel tedious brought sit points case poem actors .
==================================================
1, Sandra Nettelbeck beautifully orchestrates the transformation of the chilly , neurotic , and self-absorbed Martha as her heart begins to open .
1 0.144595682621, Sandra Nettelbeck elegant orchestrates the transformation of the chilly , neurotic , and self-absorbed Martha as her heart begins to open .
1 0.145778238773, Sandra Nettelbeck elegant orchestrates the transformation of the chilly , neurotic , and self-absorbed Martha as her hearts begins to open .
1 0.145936369896, Sandra Nettelbeck elegant orchestrates the transformation of the chilly she neurotic she and self-absorbed Martha as her hearts begins to open .
1 0.27459871769, Sandra Nettelbeck elegant orchestrates routine transformation of routine chilly she neurotic she and self-absorbed Martha as her hearts begins to open .
1 0.457062005997, Sandra Nettelbeck wry orchestrates routine transformation of routine chilly she neurotic she and self-absorbed Martha as her hearts begins to open .
1 0.463015854359, Sandra Nettelbeck wry orchestrates routine transformation point routine chilly she neurotic she and self-absorbed Martha as her hearts begins to open .
1 0.541754126549, Sandra Nettelbeck wry orchestrates routine transformation point routine chilly she neurotic she and self-absorbed Martha as her universal begins to open .
1 0.542176246643, Sandra Nettelbeck wry orchestrates joke transformation point joke chilly she neurotic she and self-absorbed Martha as her universal begins to open .
1 0.568806886673, Sandra Nettelbeck wry orchestrates joke transformation point joke chilly she neurotic she and self-absorbed son as her universal begins to open .
1 0.569174826145, Sandra Nettelbeck wry orchestrates joke transformation point joke chilly down neurotic down and self-absorbed son as her universal begins to open .
1 0.648498892784, Sandra Nettelbeck wry orchestrates supposed transformation point supposed chilly down neurotic down and self-absorbed son as her universal begins to open .
1 0.652884721756, Sandra Nettelbeck wry orchestrates supposed race point supposed chilly down neurotic down and self-absorbed son as her universal begins to open .
1 0.715390443802, Sandra Nettelbeck wry orchestrates supposed race point supposed chilly down neurotic down and self-absorbed son as cruel universal begins to open .
1 0.757692277431, Sandra Nettelbeck wry orchestrates supposed race point supposed chilly down neurotic down her self-absorbed son as cruel universal begins to open .
1 0.8062286973, Sandra Nettelbeck wry orchestrates Every race point Every chilly down neurotic down her self-absorbed son as cruel universal begins to open .
==================================================
1, Behind the snow games and lovable Siberian huskies -LRB- plus one sheep dog -RRB- , the picture hosts a parka-wrapped dose of heart .
1 0.465194880962, Behind routine snow games and lovable Siberian huskies -LRB- plus one sheep dog -RRB- , routine picture hosts a parka-wrapped dose of heart .
1 0.650324225426, Behind routine snow games and lovable Siberian huskies -LRB- plus one sheep dog -RRB- , routine picture hosts a parka-wrapped dose of hearts .
1 0.650477170944, Behind scene snow games and lovable Siberian huskies -LRB- plus one sheep dog -RRB- , scene picture hosts a parka-wrapped dose of hearts .
1 0.673065066338, Behind scene snow games and lovable Siberian huskies -LRB- plus one sheep dog -RRB- she scene picture hosts a parka-wrapped dose of hearts .
1 0.751006960869, Behind scene snow games and lovable Siberian huskies -LRB- they one sheep dog -RRB- she scene picture hosts a parka-wrapped dose of hearts .
1 0.799147069454, Behind scene snow games and lovable Siberian huskies -LRB- they one sheep dog -RRB- she scene must hosts a parka-wrapped dose of hearts .
==================================================
1, Everytime you think Undercover Brother has run out of steam , it finds a new way to surprise and amuse .
1 0.317839384079, Everytime you think Undercover Brother has run out point steam , melodrama finds a new way to surprise and amuse .
1 0.465874791145, Everytime you Just Undercover Brother has run out point steam , melodrama finds a new way to surprise and amuse .
1 0.465633630753, Everytime you Just Undercover Brother has run out point steam , melodrama finds a new narrative to surprise and amuse .
1 0.516008138657, Everytime you Just Undercover Brother has run sequences point steam , melodrama finds a new narrative to surprise and amuse .
1 0.543469667435, Everytime you Just Undercover Brother has run sequences point steam she melodrama finds a new narrative to surprise and amuse .
1 0.637588381767, Everytime you Just Undercover pleasurable has run sequences point steam she melodrama finds a new narrative to surprise and amuse .
1 0.641089200974, Everytime you Just Undercover pleasurable has run sequences point steam she melodrama looking a new narrative to surprise and amuse .
1 0.708930134773, Everytime you Just Undercover pleasurable has painfully sequences point steam she melodrama looking a new narrative to surprise and amuse .
1 0.74299633503, Everytime you Just Undercover pleasurable melodrama painfully sequences point steam she melodrama looking a new narrative to surprise and amuse .
==================================================
1, A pleasant enough movie , held together by skilled ensemble actors .
1 0.185858786106, A part enough movie , held together by skilled ensemble actors .
1 0.186580896378, A gorgeous enough movie , held together by skilled ensemble actors .
1 0.187469899654, and gorgeous enough movie she held together by skilled ensemble actors .
1 0.254529953003, and gorgeous enough why she held together by skilled ensemble actors .
1 0.268879294395, and gorgeous American why she held darkly by skilled ensemble actors .
1 0.366231799126, and joyous American why she held darkly by skilled ensemble actors .
1 0.368728399277, and joyous American why she homogenized darkly by skilled ensemble actors .
1 0.454160690308, and joyous American why she homogenized darkly No skilled ensemble actors .
1 0.482984751463, and joyous American why she homogenized these No skilled ensemble actors .
1 0.506275653839, and joyous American why she homogenized these No deceptive ensemble actors .
1 0.564813971519, her joyous American why she homogenized these No deceptive ensemble actors .
1 0.636280179024, her joyous American why down homogenized these No deceptive ensemble actors .
1 0.669658303261, her joyous American why down homogenized these No deceptive director actors .
1 0.703555941582, her splendid American why down homogenized these No deceptive director actors .
1 0.706408202648, her splendid suggested why down homogenized these No deceptive director actors .
1 0.731921672821, her splendid suggested why down homogenized these plot deceptive director actors .
1 0.732773780823, her splendid suggested backdrops down homogenized these plot deceptive director actors .
1 0.736209332943, her splendid suggested backdrops down al. these plot deceptive director actors .
1 0.737393260002, cruel splendid suggested backdrops down al. these plot deceptive director actors .
1 0.787419319153, cruel splendid suggested backdrops down al. across plot deceptive director actors .
==================================================
1, This is the best American movie about troubled teens since 1998 's Whatever .
1 0.690680861473, This is the wonderful American movie about troubled teens since 1998 's Whatever .
1 0.690814197063, This is the love American movie about troubled teens since 1998 's Whatever .
1 0.69108992815, exactly is the love American movie about troubled teens since 1998 's Whatever .
1 0.735846996307, exactly is the love American why about troubled teens since 1998 's Whatever .
1 0.749947726727, exactly is the places American why about troubled teens since 1998 's Whatever .
1 0.750317573547, exactly is routine places American why about troubled teens since 1998 's Whatever .
==================================================
1, The animated subplot keenly depicts the inner struggles of our adolescent heroes - insecure , uncontrolled , and intense .
1 0.217548668385, The animated subplot keenly depicts the inner struggles of unnerving adolescent heroes - insecure , uncontrolled , and intense .
1 0.218934893608, The animated subplot keenly depicts the sweetly struggles of unnerving adolescent heroes - insecure , uncontrolled , and intense .
1 0.219531595707, The animated subplot keenly depicts the sweetly struggles of unnerving adolescent heroes - insecure she uncontrolled she and intense .
1 0.330569386482, The animated subplot keenly depicts the sweetly struggles point unnerving adolescent heroes - insecure she uncontrolled she and intense .
1 0.400111734867, The Tosca subplot keenly depicts the sweetly struggles point unnerving adolescent heroes - insecure she uncontrolled she and intense .
1 0.404465854168, The Tosca subplot keenly depicts the sweetly exotic point unnerving adolescent heroes - insecure she uncontrolled she and intense .
1 0.413558840752, The Tosca subplot keenly depicts the sweetly exotic point joyous adolescent heroes - insecure she uncontrolled she and intense .
1 0.41529494524, The Tosca subplot keenly depicts routine sweetly exotic point joyous adolescent heroes - insecure she uncontrolled she and intense .
1 0.513038039207, The Tosca subplot molestation depicts routine sweetly exotic point joyous adolescent heroes - insecure she uncontrolled she and intense .
1 0.607707381248, The Tosca ran molestation depicts routine sweetly exotic point joyous adolescent heroes - insecure she uncontrolled she and intense .
1 0.629111945629, miscalculations Tosca ran molestation depicts routine sweetly exotic point joyous adolescent heroes - insecure she uncontrolled she and intense .
1 0.694666385651, miscalculations Tosca ran molestation handle routine sweetly exotic point joyous adolescent heroes - insecure she uncontrolled she and intense .
1 0.695918977261, miscalculations Tosca ran molestation handle routine sweetly exotic point joyous old-hat heroes - insecure she uncontrolled she and intense .
1 0.734959125519, miscalculations Tosca ran molestation handle routine sweetly exotic point joyous old-hat then - insecure she uncontrolled she and intense .
1 0.745602488518, miscalculations Tosca ran molestation handle routine sweetly exotic point joyous old-hat then - insecure down uncontrolled down and intense .
1 0.787662267685, miscalculations Tosca ran molestation handle routine sweetly exotic point joyous old-hat then demented insecure down uncontrolled down and intense .
==================================================
1, The invincible Werner Herzog is alive and well and living in LA
1 0.316615700722, The invincible Werner Herzog is alive and honest and living in LA
1 0.317069232464, The invincible Werner Herzog is alive her honest her living in LA
1 0.413921713829, The invincible Werner terrible is alive her honest her living in LA
1 0.414469778538, The invincible Werner terrible is alive her gorgeous her living in LA
1 0.415953397751, miscalculations severely Werner terrible is alive her gorgeous her living in LA
1 0.584253787994, miscalculations severely Werner terrible inspiration alive her gorgeous her living in LA
1 0.646498918533, miscalculations severely Werner terrible inspiration alive cruel gorgeous cruel living in LA
1 0.730245828629, miscalculations severely characters terrible inspiration alive cruel gorgeous cruel living in LA
==================================================
0, Son of the Bride may be a good half-hour too long but comes replete with a flattering sense of mystery and quietness .
0 0.711553275585, Son of the Bride may be a good half-hour dull long but comes replete with a flattering sense of mystery and quietness .
0 0.711671829224, Son an the Bride may be a good half-hour dull long but comes replete with a flattering sense an mystery and quietness .
0 0.772086441517, Son an the Bride may be a good half-hour were long but comes replete with a flattering sense an mystery and quietness .
0 0.772120416164, Son an the Bride may be gurus good half-hour were long but comes replete with gurus flattering sense an mystery and quietness .
==================================================
1, A simmering psychological drama in which the bursts of sudden violence are all the more startling for the slow buildup that has preceded them .
1 0.419250249863, A simmering psychological drama in which routine bursts of sudden violence are all routine more startling for routine slow buildup that has preceded them .
1 0.688888669014, A simmering psychological drama in which routine bursts of sudden plot are all routine more startling for routine slow buildup that has preceded them .
1 0.689133524895, A simmering psychological drama in which routine bursts of sudden plot are all routine more Korea for routine slow buildup that has preceded them .
1 0.689545929432, A simmering psychological drama in which scene bursts of sudden plot are all scene more Korea for scene slow buildup that has preceded them .
1 0.720420002937, A simmering psychological with in which scene bursts of sudden plot are all scene more Korea for scene slow buildup that has preceded them .
1 0.729769289494, A simmering psychological with in which scene bursts point sudden plot are all scene more Korea for scene slow buildup that has preceded them .
1 0.78735512495, A simmering psychological with in which TV bursts point sudden plot are all TV more Korea for TV slow buildup that has preceded them .
1 0.794838786125, A simmering further with in which TV bursts point sudden plot are all TV more Korea for TV slow buildup that has preceded them .
==================================================
1, A taut , intelligent psychological drama .
1 0.254399776459, A masterfully , intelligent psychological drama .
1 0.254558086395, A masterfully , touching psychological drama .
1 0.255511343479, and masterfully , touching psychological drama .
1 0.261516451836, and masterfully she touching psychological drama .
1 0.319783270359, and masterfully she touching further drama .
1 0.339985847473, and masterfully she wry further drama .
1 0.343015313148, and elegant she wry further drama .
1 0.345476686954, and elegant she wry further with .
1 0.349239349365, her wry she wry further with .
1 0.412658393383, her wry down wry further with .
1 0.441890060902, her wry down farts further with .
1 0.45630210638, her farts down farts further with .
1 0.474493861198, her farts down farts past with .
1 0.492859721184, cruel farts down farts past with .
1 0.551327586174, cruel farts down sex past with .
1 0.601899623871, cruel farts plot sex past with .
1 0.605448722839, cruel sex plot sex past with .
1 0.665505230427, cruel sex plot sex past A .
1 0.670040011406, mediocrity sex plot sex past A .
1 0.681042671204, mediocrity sex plot past past A .
1 0.712538003922, mediocrity sex plot past sequences A .
1 0.721288442612, mediocrity sex dialogue past sequences A .
1 0.721219539642, mediocrity past dialogue past sequences A .
1 0.757183849812, mediocrity past dialogue sequences sequences A .
1 0.766596853733, joke past dialogue sequences sequences A .
1 0.774541258812, joke sequences dialogue sequences sequences A .
1 0.78573179245, supposed sequences dialogue sequences sequences A .
1 0.787014782429, supposed sequences dialogue sequences why A .
1 0.790281057358, Every sequences dialogue sequences why A .
1 0.790712714195, Every sequences premise sequences why A .
1 0.790525317192, Every sequences premise why why A .
1 0.794418692589, plain sequences premise why why A .
1 0.794758975506, plain sequences premise why why A stud
==================================================
1, A truly moving experience , and a perfect example of how art -- when done right -- can help heal , clarify , and comfort .
1 0.0181288719177, A truly gorgeous experience , and a perfect example of how art -- when done right -- can help heal , clarify , and comfort .
1 0.0182006955147, A truly gorgeous experience she and a perfect example of how art -- when done right -- can help heal she clarify she and comfort .
1 0.0474078059196, A truly gorgeous experience she and a perfect example of how art mighty when done right mighty can help heal she clarify she and comfort .
1 0.0892648100853, A truly gorgeous experience she and a perfect example of how art mighty when done right mighty can sparkling heal she clarify she and comfort .
1 0.089896261692, A truly gorgeous experience she her a perfect example of how art mighty when done right mighty can sparkling heal she clarify she her comfort .
1 0.136809289455, A truly gorgeous experience down her a perfect example of how art mighty when done right mighty can sparkling heal down clarify down her comfort .
1 0.193648695946, A truly gorgeous experience down her a perfect example point how art mighty when done right mighty can sparkling heal down clarify down her comfort .
1 0.24800825119, A truly gorgeous Greek down her a perfect example point how art mighty when done right mighty can sparkling heal down clarify down her comfort .
1 0.258049070835, A truly joyous Greek down her a perfect example point how art mighty when done right mighty can sparkling heal down clarify down her comfort .
1 0.260306358337, A truly joyous Greek down her a perfect James point how art mighty when done right mighty can sparkling heal down clarify down her comfort .
1 0.314066171646, A find joyous Greek down her a perfect James point how art mighty when done right mighty can sparkling heal down clarify down her comfort .
1 0.397001445293, A find joyous Greek down her a perfect James point how subversive mighty when done right mighty can sparkling heal down clarify down her comfort .
1 0.406949937344, A find joyous Greek down her a perfect James point how subversive mighty when done create mighty can sparkling heal down clarify down her comfort .
1 0.433752596378, and find joyous Greek down her a perfect James point how subversive mighty when done create mighty can sparkling heal down clarify down her comfort .
1 0.443691372871, and find joyous Greek down her a perfect James point how subversive mighty slopped done create mighty can sparkling heal down clarify down her comfort .
1 0.533494472504, and find joyous Greek down her a tale James point how subversive mighty slopped done create mighty can sparkling heal down clarify down her comfort .
1 0.542057275772, and find joyous Greek down her a tale James point how subversive why slopped done create why can sparkling heal down clarify down her comfort .
1 0.586577177048, and find joyous Greek plot her a tale James point how subversive why slopped done create why can sparkling heal plot clarify plot her comfort .
1 0.599052548409, and find joyous Greek plot her a tale James point alienation subversive why slopped done create why can sparkling heal plot clarify plot her comfort .
1 0.65493530035, and find joyous Greek plot her single tale James point alienation subversive why slopped done create why can sparkling heal plot clarify plot her comfort .
1 0.757545650005, and find joyous Greek plot her single tale James point alienation subversive why slopped done create why she sparkling heal plot clarify plot her comfort .
==================================================
1, This delicately observed story , deeply felt and masterfully stylized , is a triumph for its maverick director .
1 0.0644538998604, This tender observed story , deeply felt and masterfully stylized , is a triumph for its maverick director .
1 0.0646235942841, This tender observed story she deeply felt and masterfully stylized she is a triumph for its maverick director .
1 0.130687355995, This tender observed story she genuine felt and masterfully stylized she is a triumph for its maverick director .
1 0.133594274521, exactly tender observed story she genuine felt and masterfully stylized she is a triumph for its maverick director .
1 0.161926925182, exactly tender observed story she genuine felt and masterfully photographed she is a triumph for its maverick director .
1 0.168110430241, exactly tender observed story down genuine felt and masterfully photographed down is a triumph for its maverick director .
1 0.219163477421, exactly tender Back story down genuine felt and masterfully photographed down is a triumph for its maverick director .
1 0.221417546272, exactly tender Back story down genuine felt and elegant photographed down is a triumph for its maverick director .
1 0.223761439323, exactly tender Back story down genuine felt her elegant photographed down is a triumph for its maverick director .
1 0.279485583305, exactly tender Back social down genuine felt her elegant photographed down is a triumph for its maverick director .
1 0.378504812717, exactly polished Back social down genuine felt her elegant photographed down is a triumph for its maverick director .
1 0.379906833172, exactly polished Back social down boobs felt her elegant photographed down is a triumph for its maverick director .
1 0.40016874671, exactly polished Back social down boobs felt her elegant photographed down is a triumph past its maverick director .
1 0.438863039017, exactly polished Back social down boobs felt her elegant photographed down inspiration a triumph past its maverick director .
1 0.504837691784, exactly polished Back social down boobs Clint her elegant photographed down inspiration a triumph past its maverick director .
1 0.658006906509, exactly polished Back social plot boobs Clint her elegant photographed plot inspiration a triumph past its maverick director .
1 0.667169690132, scene polished Back social plot boobs Clint her elegant photographed plot inspiration a triumph past its maverick director .
1 0.678138017654, scene polished Back social plot boobs Clint her elegant photographed plot inspiration single triumph past its maverick director .
1 0.757088303566, scene polished Back social plot boobs Clint her wry photographed plot inspiration single triumph past its maverick director .
1 0.761092424393, scene polished Back social plot boobs Clint her wry photographed plot inspiration single made-for-movie past its maverick director .
1 0.796242237091, scene polished Back social plot boobs Clint her wry brothers plot inspiration single made-for-movie past its maverick director .
==================================================
1, At heart the movie is a deftly wrought suspense yarn whose richer shadings work as coloring rather than substance .
1 0.156804859638, At hearts the movie is a deftly wrought suspense yarn whose richer shadings work as coloring rather than substance .
1 0.1570546031, At universal the movie is a deftly wrought suspense yarn whose richer shadings work as coloring rather than substance .
1 0.157389223576, At universal the movie is a pleasures wrought suspense yarn whose richer shadings work as coloring rather than substance .
1 0.15771228075, At universal the movie is a pleasures wrought suspense yarn whose richer shadings genuine as coloring rather than substance .
1 0.161494910717, At universal the movie is a pleasures wrought Cherish yarn whose richer shadings genuine as coloring rather than substance .
1 0.190257847309, At universal the why is a pleasures wrought Cherish yarn whose richer shadings genuine as coloring rather than substance .
1 0.203589305282, At brilliant the why is a pleasures wrought Cherish yarn whose richer shadings genuine as coloring rather than substance .
1 0.203707262874, At brilliant the why is a pleasures wrought Cherish yarn brought richer shadings genuine as coloring rather than substance .
1 0.244965136051, At brilliant routine why is a pleasures wrought Cherish yarn brought richer shadings genuine as coloring rather than substance .
1 0.32686072588, At brilliant routine why inspiration a pleasures wrought Cherish yarn brought richer shadings genuine as coloring rather than substance .
1 0.398555696011, At brilliant routine why inspiration single pleasures wrought Cherish yarn brought richer shadings genuine as coloring rather than substance .
1 0.518146216869, show brilliant routine why inspiration single pleasures wrought Cherish yarn brought richer shadings genuine as coloring rather than substance .
1 0.666445970535, show brilliant routine why inspiration single pleasures artistically Cherish yarn brought richer shadings genuine as coloring rather than substance .
1 0.789506077766, show brilliant routine why inspiration single pleasures artistically Cherish cinematography brought richer shadings genuine as coloring rather than substance .
==================================================
1, I loved it !
1 0.415194660425, out loved it !
1 0.468426644802, out loved melodrama !
1 0.500148534775, out exciting melodrama !
1 0.513604879379, out exciting melodrama impressive
1 0.513716697693, sequences exciting melodrama impressive
1 0.530429720879, sequences exciting Instead impressive
1 0.538671731949, sequences ardent Instead impressive
1 0.611186265945, sequences ardent Instead playful
1 0.61183989048, why ardent Instead playful
1 0.617561161518, why ardent No playful
1 0.621879220009, why four-year-old No playful
1 0.639021992683, why four-year-old plot playful
1 0.639549553394, backdrops four-year-old plot playful
1 0.642286360264, backdrops four-year-old dialogue playful
1 0.642243862152, backdrops four-year-old dialogue nation
1 0.643162786961, backdrops passable dialogue nation
1 0.644068062305, backdrops passable premise nation
1 0.643928527832, backdrops passable unimaginative nation
1 0.643887758255, curiosity passable unimaginative nation
1 0.64361345768, curiosity passable unimaginative truly
1 0.659097909927, curiosity passable curiosity truly
1 0.658956766129, curiosity curiosity curiosity truly
1 0.659060955048, curiosity curiosity curiosity find
1 0.674530386925, curiosity curiosity curiosity sequences
1 0.678356528282, curiosity curiosity curiosity why
1 0.680085659027, curiosity curiosity curiosity backdrops
1 0.680939733982, curiosity curiosity curiosity curiosity
